{"event": "Exception in ASGI application\n", "exc_info": ["<class 'NameError'>", "NameError(\"name 'structlog' is not defined\")", "<traceback object at 0x000001E0D0C9E6C0>"]}
{"error": "1 validation error:\n  {'type': 'model_attributes_type', 'loc': ('response',), 'msg': 'Input should be a valid dictionary or object to extract fields from', 'input': None}\n\n  File \"C:\\Users\\amanp\\Desktop\\internshala\\backend\\backend\\app\\api\\v1\\endpoints\\tasks.py\", line 61, in delete_task\n    DELETE /api/v1/tasks/{id}", "process_time": "1.6699s", "event": "request_failed", "logger": "app.main", "level": "error", "timestamp": "2026-02-13T08:10:51.262350Z"}
{"event": "Exception in ASGI application\n", "exc_info": ["<class 'fastapi.exceptions.ResponseValidationError'>", "ResponseValidationError()", "<traceback object at 0x00000205279AC580>"]}
{"event": "Traceback (most recent call last):\n  File \"C:\\Users\\amanp\\Desktop\\internshala\\backend\\backend\\.venv\\lib\\site-packages\\uvicorn\\_compat.py\", line 60, in asyncio_run\n    return loop.run_until_complete(main)\n  File \"C:\\Users\\amanp\\AppData\\Roaming\\uv\\python\\cpython-3.10.18-windows-x86_64-none\\lib\\asyncio\\base_events.py\", line 636, in run_until_complete\n    self.run_forever()\n  File \"C:\\Users\\amanp\\AppData\\Roaming\\uv\\python\\cpython-3.10.18-windows-x86_64-none\\lib\\asyncio\\base_events.py\", line 603, in run_forever\n    self._run_once()\n  File \"C:\\Users\\amanp\\AppData\\Roaming\\uv\\python\\cpython-3.10.18-windows-x86_64-none\\lib\\asyncio\\base_events.py\", line 1909, in _run_once\n    handle._run()\n  File \"C:\\Users\\amanp\\AppData\\Roaming\\uv\\python\\cpython-3.10.18-windows-x86_64-none\\lib\\asyncio\\events.py\", line 80, in _run\n    self._context.run(self._callback, *self._args)\n  File \"C:\\Users\\amanp\\Desktop\\internshala\\backend\\backend\\.venv\\lib\\site-packages\\uvicorn\\server.py\", line 70, in serve\n    with self.capture_signals():\n  File \"C:\\Users\\amanp\\AppData\\Roaming\\uv\\python\\cpython-3.10.18-windows-x86_64-none\\lib\\contextlib.py\", line 142, in __exit__\n    next(self.gen)\n  File \"C:\\Users\\amanp\\Desktop\\internshala\\backend\\backend\\.venv\\lib\\site-packages\\uvicorn\\server.py\", line 331, in capture_signals\n    signal.raise_signal(captured_signal)\nKeyboardInterrupt\n\nDuring handling of the above exception, another exception occurred:\n\nTraceback (most recent call last):\n  File \"C:\\Users\\amanp\\Desktop\\internshala\\backend\\backend\\.venv\\lib\\site-packages\\starlette\\routing.py\", line 701, in lifespan\n    await receive()\n  File \"C:\\Users\\amanp\\Desktop\\internshala\\backend\\backend\\.venv\\lib\\site-packages\\uvicorn\\lifespan\\on.py\", line 137, in receive\n    return await self.receive_queue.get()\n  File \"C:\\Users\\amanp\\AppData\\Roaming\\uv\\python\\cpython-3.10.18-windows-x86_64-none\\lib\\asyncio\\queues.py\", line 159, in get\n    await getter\nasyncio.exceptions.CancelledError\n"}
