{"event": "Exception in ASGI application\n", "exc_info": ["<class 'NameError'>", "NameError(\"name 'structlog' is not defined\")", "<traceback object at 0x000001E0D0C9E6C0>"]}
{"error": "1 validation error:\n  {'type': 'model_attributes_type', 'loc': ('response',), 'msg': 'Input should be a valid dictionary or object to extract fields from', 'input': None}\n\n  File \"C:\\Users\\amanp\\Desktop\\internshala\\backend\\backend\\app\\api\\v1\\endpoints\\tasks.py\", line 61, in delete_task\n    DELETE /api/v1/tasks/{id}", "process_time": "1.6699s", "event": "request_failed", "logger": "app.main", "level": "error", "timestamp": "2026-02-13T08:10:51.262350Z"}
{"event": "Exception in ASGI application\n", "exc_info": ["<class 'fastapi.exceptions.ResponseValidationError'>", "ResponseValidationError()", "<traceback object at 0x00000205279AC580>"]}
{"event": "Traceback (most recent call last):\n  File \"C:\\Users\\amanp\\Desktop\\internshala\\backend\\backend\\.venv\\lib\\site-packages\\uvicorn\\_compat.py\", line 60, in asyncio_run\n    return loop.run_until_complete(main)\n  File \"C:\\Users\\amanp\\AppData\\Roaming\\uv\\python\\cpython-3.10.18-windows-x86_64-none\\lib\\asyncio\\base_events.py\", line 636, in run_until_complete\n    self.run_forever()\n  File \"C:\\Users\\amanp\\AppData\\Roaming\\uv\\python\\cpython-3.10.18-windows-x86_64-none\\lib\\asyncio\\base_events.py\", line 603, in run_forever\n    self._run_once()\n  File \"C:\\Users\\amanp\\AppData\\Roaming\\uv\\python\\cpython-3.10.18-windows-x86_64-none\\lib\\asyncio\\base_events.py\", line 1909, in _run_once\n    handle._run()\n  File \"C:\\Users\\amanp\\AppData\\Roaming\\uv\\python\\cpython-3.10.18-windows-x86_64-none\\lib\\asyncio\\events.py\", line 80, in _run\n    self._context.run(self._callback, *self._args)\n  File \"C:\\Users\\amanp\\Desktop\\internshala\\backend\\backend\\.venv\\lib\\site-packages\\uvicorn\\server.py\", line 70, in serve\n    with self.capture_signals():\n  File \"C:\\Users\\amanp\\AppData\\Roaming\\uv\\python\\cpython-3.10.18-windows-x86_64-none\\lib\\contextlib.py\", line 142, in __exit__\n    next(self.gen)\n  File \"C:\\Users\\amanp\\Desktop\\internshala\\backend\\backend\\.venv\\lib\\site-packages\\uvicorn\\server.py\", line 331, in capture_signals\n    signal.raise_signal(captured_signal)\nKeyboardInterrupt\n\nDuring handling of the above exception, another exception occurred:\n\nTraceback (most recent call last):\n  File \"C:\\Users\\amanp\\Desktop\\internshala\\backend\\backend\\.venv\\lib\\site-packages\\starlette\\routing.py\", line 701, in lifespan\n    await receive()\n  File \"C:\\Users\\amanp\\Desktop\\internshala\\backend\\backend\\.venv\\lib\\site-packages\\uvicorn\\lifespan\\on.py\", line 137, in receive\n    return await self.receive_queue.get()\n  File \"C:\\Users\\amanp\\AppData\\Roaming\\uv\\python\\cpython-3.10.18-windows-x86_64-none\\lib\\asyncio\\queues.py\", line 159, in get\n    await getter\nasyncio.exceptions.CancelledError\n"}
{"event": "Traceback (most recent call last):\n  File \"/usr/local/lib/python3.11/site-packages/starlette/routing.py\", line 694, in lifespan\n    async with self.lifespan_context(app) as maybe_state:\n  File \"/usr/local/lib/python3.11/contextlib.py\", line 210, in __aenter__\n    return await anext(self.gen)\n           ^^^^^^^^^^^^^^^^^^^^^\n  File \"/usr/local/lib/python3.11/site-packages/fastapi/routing.py\", line 201, in merged_lifespan\n    async with original_context(app) as maybe_original_state:\n  File \"/usr/local/lib/python3.11/contextlib.py\", line 210, in __aenter__\n    return await anext(self.gen)\n           ^^^^^^^^^^^^^^^^^^^^^\n  File \"/app/app/main.py\", line 18, in lifespan\n    async with engine.begin() as conn:\n  File \"/usr/local/lib/python3.11/contextlib.py\", line 210, in __aenter__\n    return await anext(self.gen)\n           ^^^^^^^^^^^^^^^^^^^^^\n  File \"/usr/local/lib/python3.11/site-packages/sqlalchemy/ext/asyncio/engine.py\", line 1068, in begin\n    async with conn:\n  File \"/usr/local/lib/python3.11/site-packages/sqlalchemy/ext/asyncio/base.py\", line 121, in __aenter__\n    return await self.start(is_ctxmanager=True)\n           ^^^^^^^^^^^^^^^^^^^^^^^^^^^^^^^^^^^^\n  File \"/usr/local/lib/python3.11/site-packages/sqlalchemy/ext/asyncio/engine.py\", line 275, in start\n    await greenlet_spawn(self.sync_engine.connect)\n  File \"/usr/local/lib/python3.11/site-packages/sqlalchemy/util/_concurrency_py3k.py\", line 201, in greenlet_spawn\n    result = context.throw(*sys.exc_info())\n             ^^^^^^^^^^^^^^^^^^^^^^^^^^^^^^\n  File \"/usr/local/lib/python3.11/site-packages/sqlalchemy/engine/base.py\", line 3285, in connect\n    return self._connection_cls(self)\n           ^^^^^^^^^^^^^^^^^^^^^^^^^^\n  File \"/usr/local/lib/python3.11/site-packages/sqlalchemy/engine/base.py\", line 143, in __init__\n    self._dbapi_connection = engine.raw_connection()\n                             ^^^^^^^^^^^^^^^^^^^^^^^\n  File \"/usr/local/lib/python3.11/site-packages/sqlalchemy/engine/base.py\", line 3309, in raw_connection\n    return self.pool.connect()\n           ^^^^^^^^^^^^^^^^^^^\n  File \"/usr/local/lib/python3.11/site-packages/sqlalchemy/pool/base.py\", line 447, in connect\n    return _ConnectionFairy._checkout(self)\n           ^^^^^^^^^^^^^^^^^^^^^^^^^^^^^^^^\n  File \"/usr/local/lib/python3.11/site-packages/sqlalchemy/pool/base.py\", line 1264, in _checkout\n    fairy = _ConnectionRecord.checkout(pool)\n            ^^^^^^^^^^^^^^^^^^^^^^^^^^^^^^^^\n  File \"/usr/local/lib/python3.11/site-packages/sqlalchemy/pool/base.py\", line 711, in checkout\n    rec = pool._do_get()\n          ^^^^^^^^^^^^^^\n  File \"/usr/local/lib/python3.11/site-packages/sqlalchemy/pool/impl.py\", line 177, in _do_get\n    with util.safe_reraise():\n  File \"/usr/local/lib/python3.11/site-packages/sqlalchemy/util/langhelpers.py\", line 224, in __exit__\n    raise exc_value.with_traceback(exc_tb)\n  File \"/usr/local/lib/python3.11/site-packages/sqlalchemy/pool/impl.py\", line 175, in _do_get\n    return self._create_connection()\n           ^^^^^^^^^^^^^^^^^^^^^^^^^\n  File \"/usr/local/lib/python3.11/site-packages/sqlalchemy/pool/base.py\", line 388, in _create_connection\n    return _ConnectionRecord(self)\n           ^^^^^^^^^^^^^^^^^^^^^^^\n  File \"/usr/local/lib/python3.11/site-packages/sqlalchemy/pool/base.py\", line 673, in __init__\n    self.__connect()\n  File \"/usr/local/lib/python3.11/site-packages/sqlalchemy/pool/base.py\", line 899, in __connect\n    with util.safe_reraise():\n  File \"/usr/local/lib/python3.11/site-packages/sqlalchemy/util/langhelpers.py\", line 224, in __exit__\n    raise exc_value.with_traceback(exc_tb)\n  File \"/usr/local/lib/python3.11/site-packages/sqlalchemy/pool/base.py\", line 895, in __connect\n    self.dbapi_connection = connection = pool._invoke_creator(self)\n                                         ^^^^^^^^^^^^^^^^^^^^^^^^^^\n  File \"/usr/local/lib/python3.11/site-packages/sqlalchemy/engine/create.py\", line 661, in connect\n    return dialect.connect(*cargs, **cparams)\n           ^^^^^^^^^^^^^^^^^^^^^^^^^^^^^^^^^^\n  File \"/usr/local/lib/python3.11/site-packages/sqlalchemy/engine/default.py\", line 630, in connect\n    return self.loaded_dbapi.connect(*cargs, **cparams)  # type: ignore[no-any-return]  # NOQA: E501\n           ^^^^^^^^^^^^^^^^^^^^^^^^^^^^^^^^^^^^^^^^^^^^\n  File \"/usr/local/lib/python3.11/site-packages/sqlalchemy/dialects/postgresql/asyncpg.py\", line 955, in connect\n    await_only(creator_fn(*arg, **kw)),\n    ^^^^^^^^^^^^^^^^^^^^^^^^^^^^^^^^^^\n  File \"/usr/local/lib/python3.11/site-packages/sqlalchemy/util/_concurrency_py3k.py\", line 132, in await_only\n    return current.parent.switch(awaitable)  # type: ignore[no-any-return,attr-defined] # noqa: E501\n           ^^^^^^^^^^^^^^^^^^^^^^^^^^^^^^^^\n  File \"/usr/local/lib/python3.11/site-packages/sqlalchemy/util/_concurrency_py3k.py\", line 196, in greenlet_spawn\n    value = await result\n            ^^^^^^^^^^^^\n  File \"/usr/local/lib/python3.11/site-packages/asyncpg/connection.py\", line 2443, in connect\n    return await connect_utils._connect(\n           ^^^^^^^^^^^^^^^^^^^^^^^^^^^^^\n  File \"/usr/local/lib/python3.11/site-packages/asyncpg/connect_utils.py\", line 1249, in _connect\n    raise last_error or exceptions.TargetServerAttributeNotMatched(\n  File \"/usr/local/lib/python3.11/site-packages/asyncpg/connect_utils.py\", line 1218, in _connect\n    conn = await _connect_addr(\n           ^^^^^^^^^^^^^^^^^^^^\n  File \"/usr/local/lib/python3.11/site-packages/asyncpg/connect_utils.py\", line 1050, in _connect_addr\n    return await __connect_addr(params, False, *args)\n           ^^^^^^^^^^^^^^^^^^^^^^^^^^^^^^^^^^^^^^^^^^\n  File \"/usr/local/lib/python3.11/site-packages/asyncpg/connect_utils.py\", line 1099, in __connect_addr\n    tr, pr = await connector\n             ^^^^^^^^^^^^^^^\n  File \"/usr/local/lib/python3.11/site-packages/asyncpg/connect_utils.py\", line 977, in _create_ssl_connection\n    do_ssl_upgrade = await pr.on_data\n                     ^^^^^^^^^^^^^^^^\nConnectionError: PostgreSQL server at \"db:5432\" rejected SSL upgrade\n"}
{"event": "Application startup failed. Exiting."}
{"event": "Traceback (most recent call last):\n  File \"/usr/local/lib/python3.11/site-packages/starlette/routing.py\", line 694, in lifespan\n    async with self.lifespan_context(app) as maybe_state:\n  File \"/usr/local/lib/python3.11/contextlib.py\", line 210, in __aenter__\n    return await anext(self.gen)\n           ^^^^^^^^^^^^^^^^^^^^^\n  File \"/usr/local/lib/python3.11/site-packages/fastapi/routing.py\", line 201, in merged_lifespan\n    async with original_context(app) as maybe_original_state:\n  File \"/usr/local/lib/python3.11/contextlib.py\", line 210, in __aenter__\n    return await anext(self.gen)\n           ^^^^^^^^^^^^^^^^^^^^^\n  File \"/app/app/main.py\", line 18, in lifespan\n    async with engine.begin() as conn:\n  File \"/usr/local/lib/python3.11/contextlib.py\", line 210, in __aenter__\n    return await anext(self.gen)\n           ^^^^^^^^^^^^^^^^^^^^^\n  File \"/usr/local/lib/python3.11/site-packages/sqlalchemy/ext/asyncio/engine.py\", line 1068, in begin\n    async with conn:\n  File \"/usr/local/lib/python3.11/site-packages/sqlalchemy/ext/asyncio/base.py\", line 121, in __aenter__\n    return await self.start(is_ctxmanager=True)\n           ^^^^^^^^^^^^^^^^^^^^^^^^^^^^^^^^^^^^\n  File \"/usr/local/lib/python3.11/site-packages/sqlalchemy/ext/asyncio/engine.py\", line 275, in start\n    await greenlet_spawn(self.sync_engine.connect)\n  File \"/usr/local/lib/python3.11/site-packages/sqlalchemy/util/_concurrency_py3k.py\", line 190, in greenlet_spawn\n    result = context.switch(*args, **kwargs)\n             ^^^^^^^^^^^^^^^^^^^^^^^^^^^^^^^\n  File \"/usr/local/lib/python3.11/site-packages/sqlalchemy/engine/base.py\", line 3285, in connect\n    return self._connection_cls(self)\n           ^^^^^^^^^^^^^^^^^^^^^^^^^^\n  File \"/usr/local/lib/python3.11/site-packages/sqlalchemy/engine/base.py\", line 143, in __init__\n    self._dbapi_connection = engine.raw_connection()\n                             ^^^^^^^^^^^^^^^^^^^^^^^\n  File \"/usr/local/lib/python3.11/site-packages/sqlalchemy/engine/base.py\", line 3309, in raw_connection\n    return self.pool.connect()\n           ^^^^^^^^^^^^^^^^^^^\n  File \"/usr/local/lib/python3.11/site-packages/sqlalchemy/pool/base.py\", line 447, in connect\n    return _ConnectionFairy._checkout(self)\n           ^^^^^^^^^^^^^^^^^^^^^^^^^^^^^^^^\n  File \"/usr/local/lib/python3.11/site-packages/sqlalchemy/pool/base.py\", line 1264, in _checkout\n    fairy = _ConnectionRecord.checkout(pool)\n            ^^^^^^^^^^^^^^^^^^^^^^^^^^^^^^^^\n  File \"/usr/local/lib/python3.11/site-packages/sqlalchemy/pool/base.py\", line 711, in checkout\n    rec = pool._do_get()\n          ^^^^^^^^^^^^^^\n  File \"/usr/local/lib/python3.11/site-packages/sqlalchemy/pool/impl.py\", line 177, in _do_get\n    with util.safe_reraise():\n  File \"/usr/local/lib/python3.11/site-packages/sqlalchemy/util/langhelpers.py\", line 224, in __exit__\n    raise exc_value.with_traceback(exc_tb)\n  File \"/usr/local/lib/python3.11/site-packages/sqlalchemy/pool/impl.py\", line 175, in _do_get\n    return self._create_connection()\n           ^^^^^^^^^^^^^^^^^^^^^^^^^\n  File \"/usr/local/lib/python3.11/site-packages/sqlalchemy/pool/base.py\", line 388, in _create_connection\n    return _ConnectionRecord(self)\n           ^^^^^^^^^^^^^^^^^^^^^^^\n  File \"/usr/local/lib/python3.11/site-packages/sqlalchemy/pool/base.py\", line 673, in __init__\n    self.__connect()\n  File \"/usr/local/lib/python3.11/site-packages/sqlalchemy/pool/base.py\", line 899, in __connect\n    with util.safe_reraise():\n  File \"/usr/local/lib/python3.11/site-packages/sqlalchemy/util/langhelpers.py\", line 224, in __exit__\n    raise exc_value.with_traceback(exc_tb)\n  File \"/usr/local/lib/python3.11/site-packages/sqlalchemy/pool/base.py\", line 895, in __connect\n    self.dbapi_connection = connection = pool._invoke_creator(self)\n                                         ^^^^^^^^^^^^^^^^^^^^^^^^^^\n  File \"/usr/local/lib/python3.11/site-packages/sqlalchemy/engine/create.py\", line 661, in connect\n    return dialect.connect(*cargs, **cparams)\n           ^^^^^^^^^^^^^^^^^^^^^^^^^^^^^^^^^^\n  File \"/usr/local/lib/python3.11/site-packages/sqlalchemy/engine/default.py\", line 630, in connect\n    return self.loaded_dbapi.connect(*cargs, **cparams)  # type: ignore[no-any-return]  # NOQA: E501\n           ^^^^^^^^^^^^^^^^^^^^^^^^^^^^^^^^^^^^^^^^^^^^\n  File \"/usr/local/lib/python3.11/site-packages/sqlalchemy/dialects/postgresql/asyncpg.py\", line 955, in connect\n    await_only(creator_fn(*arg, **kw)),\n               ^^^^^^^^^^^^^^^^^^^^^^\nTypeError: connect() got an unexpected keyword argument 'sslmode'\n"}
{"event": "Application startup failed. Exiting."}
{"event": "Traceback (most recent call last):\n  File \"/usr/local/lib/python3.11/site-packages/starlette/routing.py\", line 694, in lifespan\n    async with self.lifespan_context(app) as maybe_state:\n  File \"/usr/local/lib/python3.11/contextlib.py\", line 210, in __aenter__\n    return await anext(self.gen)\n           ^^^^^^^^^^^^^^^^^^^^^\n  File \"/usr/local/lib/python3.11/site-packages/fastapi/routing.py\", line 201, in merged_lifespan\n    async with original_context(app) as maybe_original_state:\n  File \"/usr/local/lib/python3.11/contextlib.py\", line 210, in __aenter__\n    return await anext(self.gen)\n           ^^^^^^^^^^^^^^^^^^^^^\n  File \"/app/app/main.py\", line 18, in lifespan\n    async with engine.begin() as conn:\n  File \"/usr/local/lib/python3.11/contextlib.py\", line 210, in __aenter__\n    return await anext(self.gen)\n           ^^^^^^^^^^^^^^^^^^^^^\n  File \"/usr/local/lib/python3.11/site-packages/sqlalchemy/ext/asyncio/engine.py\", line 1068, in begin\n    async with conn:\n  File \"/usr/local/lib/python3.11/site-packages/sqlalchemy/ext/asyncio/base.py\", line 121, in __aenter__\n    return await self.start(is_ctxmanager=True)\n           ^^^^^^^^^^^^^^^^^^^^^^^^^^^^^^^^^^^^\n  File \"/usr/local/lib/python3.11/site-packages/sqlalchemy/ext/asyncio/engine.py\", line 275, in start\n    await greenlet_spawn(self.sync_engine.connect)\n  File \"/usr/local/lib/python3.11/site-packages/sqlalchemy/util/_concurrency_py3k.py\", line 201, in greenlet_spawn\n    result = context.throw(*sys.exc_info())\n             ^^^^^^^^^^^^^^^^^^^^^^^^^^^^^^\n  File \"/usr/local/lib/python3.11/site-packages/sqlalchemy/engine/base.py\", line 3285, in connect\n    return self._connection_cls(self)\n           ^^^^^^^^^^^^^^^^^^^^^^^^^^\n  File \"/usr/local/lib/python3.11/site-packages/sqlalchemy/engine/base.py\", line 143, in __init__\n    self._dbapi_connection = engine.raw_connection()\n                             ^^^^^^^^^^^^^^^^^^^^^^^\n  File \"/usr/local/lib/python3.11/site-packages/sqlalchemy/engine/base.py\", line 3309, in raw_connection\n    return self.pool.connect()\n           ^^^^^^^^^^^^^^^^^^^\n  File \"/usr/local/lib/python3.11/site-packages/sqlalchemy/pool/base.py\", line 447, in connect\n    return _ConnectionFairy._checkout(self)\n           ^^^^^^^^^^^^^^^^^^^^^^^^^^^^^^^^\n  File \"/usr/local/lib/python3.11/site-packages/sqlalchemy/pool/base.py\", line 1264, in _checkout\n    fairy = _ConnectionRecord.checkout(pool)\n            ^^^^^^^^^^^^^^^^^^^^^^^^^^^^^^^^\n  File \"/usr/local/lib/python3.11/site-packages/sqlalchemy/pool/base.py\", line 711, in checkout\n    rec = pool._do_get()\n          ^^^^^^^^^^^^^^\n  File \"/usr/local/lib/python3.11/site-packages/sqlalchemy/pool/impl.py\", line 177, in _do_get\n    with util.safe_reraise():\n  File \"/usr/local/lib/python3.11/site-packages/sqlalchemy/util/langhelpers.py\", line 224, in __exit__\n    raise exc_value.with_traceback(exc_tb)\n  File \"/usr/local/lib/python3.11/site-packages/sqlalchemy/pool/impl.py\", line 175, in _do_get\n    return self._create_connection()\n           ^^^^^^^^^^^^^^^^^^^^^^^^^\n  File \"/usr/local/lib/python3.11/site-packages/sqlalchemy/pool/base.py\", line 388, in _create_connection\n    return _ConnectionRecord(self)\n           ^^^^^^^^^^^^^^^^^^^^^^^\n  File \"/usr/local/lib/python3.11/site-packages/sqlalchemy/pool/base.py\", line 673, in __init__\n    self.__connect()\n  File \"/usr/local/lib/python3.11/site-packages/sqlalchemy/pool/base.py\", line 899, in __connect\n    with util.safe_reraise():\n  File \"/usr/local/lib/python3.11/site-packages/sqlalchemy/util/langhelpers.py\", line 224, in __exit__\n    raise exc_value.with_traceback(exc_tb)\n  File \"/usr/local/lib/python3.11/site-packages/sqlalchemy/pool/base.py\", line 895, in __connect\n    self.dbapi_connection = connection = pool._invoke_creator(self)\n                                         ^^^^^^^^^^^^^^^^^^^^^^^^^^\n  File \"/usr/local/lib/python3.11/site-packages/sqlalchemy/engine/create.py\", line 661, in connect\n    return dialect.connect(*cargs, **cparams)\n           ^^^^^^^^^^^^^^^^^^^^^^^^^^^^^^^^^^\n  File \"/usr/local/lib/python3.11/site-packages/sqlalchemy/engine/default.py\", line 630, in connect\n    return self.loaded_dbapi.connect(*cargs, **cparams)  # type: ignore[no-any-return]  # NOQA: E501\n           ^^^^^^^^^^^^^^^^^^^^^^^^^^^^^^^^^^^^^^^^^^^^\n  File \"/usr/local/lib/python3.11/site-packages/sqlalchemy/dialects/postgresql/asyncpg.py\", line 955, in connect\n    await_only(creator_fn(*arg, **kw)),\n    ^^^^^^^^^^^^^^^^^^^^^^^^^^^^^^^^^^\n  File \"/usr/local/lib/python3.11/site-packages/sqlalchemy/util/_concurrency_py3k.py\", line 132, in await_only\n    return current.parent.switch(awaitable)  # type: ignore[no-any-return,attr-defined] # noqa: E501\n           ^^^^^^^^^^^^^^^^^^^^^^^^^^^^^^^^\n  File \"/usr/local/lib/python3.11/site-packages/sqlalchemy/util/_concurrency_py3k.py\", line 196, in greenlet_spawn\n    value = await result\n            ^^^^^^^^^^^^\n  File \"/usr/local/lib/python3.11/site-packages/asyncpg/connection.py\", line 2443, in connect\n    return await connect_utils._connect(\n           ^^^^^^^^^^^^^^^^^^^^^^^^^^^^^\n  File \"/usr/local/lib/python3.11/site-packages/asyncpg/connect_utils.py\", line 1249, in _connect\n    raise last_error or exceptions.TargetServerAttributeNotMatched(\n  File \"/usr/local/lib/python3.11/site-packages/asyncpg/connect_utils.py\", line 1218, in _connect\n    conn = await _connect_addr(\n           ^^^^^^^^^^^^^^^^^^^^\n  File \"/usr/local/lib/python3.11/site-packages/asyncpg/connect_utils.py\", line 1050, in _connect_addr\n    return await __connect_addr(params, False, *args)\n           ^^^^^^^^^^^^^^^^^^^^^^^^^^^^^^^^^^^^^^^^^^\n  File \"/usr/local/lib/python3.11/site-packages/asyncpg/connect_utils.py\", line 1099, in __connect_addr\n    tr, pr = await connector\n             ^^^^^^^^^^^^^^^\n  File \"/usr/local/lib/python3.11/site-packages/asyncpg/connect_utils.py\", line 977, in _create_ssl_connection\n    do_ssl_upgrade = await pr.on_data\n                     ^^^^^^^^^^^^^^^^\nConnectionError: PostgreSQL server at \"db:5432\" rejected SSL upgrade\n"}
{"event": "Application startup failed. Exiting."}
